{"uuid":"0a8e624b-d72e-4b52-aa7e-9a7ff44f5d23","historyId":"c03f38afed0107f1a78559613081a094","fullName":"webTests.checkNumberOfInstalledPlugins","labels":[{"name":"package","value":"webTests"},{"name":"testClass","value":"webTests"},{"name":"testMethod","value":"checkNumberOfInstalledPlugins"},{"name":"parentSuite","value":"Default Suite"},{"name":"suite","value":"Hackathon_6"},{"name":"subSuite","value":"webTests"},{"name":"host","value":"DESKTOP-HEAJH3M"},{"name":"thread","value":"15124@DESKTOP-HEAJH3M.main(1)"},{"name":"framework","value":"testng"},{"name":"language","value":"java"}],"links":[],"name":"checkNumberOfInstalledPlugins","status":"failed","statusDetails":{"known":false,"muted":false,"flaky":false,"message":"expected [10] but found [1]","trace":"java.lang.AssertionError: expected [10] but found [1]\r\n\tat org.testng.Assert.fail(Assert.java:99)\r\n\tat org.testng.Assert.failNotEquals(Assert.java:1037)\r\n\tat org.testng.Assert.assertEqualsImpl(Assert.java:140)\r\n\tat org.testng.Assert.assertEquals(Assert.java:122)\r\n\tat org.testng.Assert.assertEquals(Assert.java:907)\r\n\tat org.testng.Assert.assertEquals(Assert.java:917)\r\n\tat extentions.VerificationActions.assertEquals(VerificationActions.java:14)\r\n\tat webTests.checkNumberOfInstalledPlugins(webTests.java:33)\r\n\tat sun.reflect.NativeMethodAccessorImpl.invoke0(Native Method)\r\n\tat sun.reflect.NativeMethodAccessorImpl.invoke(NativeMethodAccessorImpl.java:62)\r\n\tat sun.reflect.DelegatingMethodAccessorImpl.invoke(DelegatingMethodAccessorImpl.java:43)\r\n\tat java.lang.reflect.Method.invoke(Method.java:498)\r\n\tat org.testng.internal.MethodInvocationHelper.invokeMethod(MethodInvocationHelper.java:133)\r\n\tat org.testng.internal.TestInvoker.invokeMethod(TestInvoker.java:598)\r\n\tat org.testng.internal.TestInvoker.invokeTestMethod(TestInvoker.java:173)\r\n\tat org.testng.internal.MethodRunner.runInSequence(MethodRunner.java:46)\r\n\tat org.testng.internal.TestInvoker$MethodInvocationAgent.invoke(TestInvoker.java:824)\r\n\tat org.testng.internal.TestInvoker.invokeTestMethods(TestInvoker.java:146)\r\n\tat org.testng.internal.TestMethodWorker.invokeTestMethods(TestMethodWorker.java:146)\r\n\tat org.testng.internal.TestMethodWorker.run(TestMethodWorker.java:128)\r\n\tat java.util.ArrayList.forEach(ArrayList.java:1257)\r\n\tat org.testng.TestRunner.privateRun(TestRunner.java:794)\r\n\tat org.testng.TestRunner.run(TestRunner.java:596)\r\n\tat org.testng.SuiteRunner.runTest(SuiteRunner.java:377)\r\n\tat org.testng.SuiteRunner.runSequentially(SuiteRunner.java:371)\r\n\tat org.testng.SuiteRunner.privateRun(SuiteRunner.java:332)\r\n\tat org.testng.SuiteRunner.run(SuiteRunner.java:276)\r\n\tat org.testng.SuiteRunnerWorker.runSuite(SuiteRunnerWorker.java:53)\r\n\tat org.testng.SuiteRunnerWorker.run(SuiteRunnerWorker.java:96)\r\n\tat org.testng.TestNG.runSuitesSequentially(TestNG.java:1212)\r\n\tat org.testng.TestNG.runSuitesLocally(TestNG.java:1134)\r\n\tat org.testng.TestNG.runSuites(TestNG.java:1063)\r\n\tat org.testng.TestNG.run(TestNG.java:1031)\r\n\tat com.intellij.rt.testng.IDEARemoteTestNG.run(IDEARemoteTestNG.java:66)\r\n\tat com.intellij.rt.testng.RemoteTestNGStarter.main(RemoteTestNGStarter.java:109)\r\n"},"stage":"finished","steps":[{"name":"enterToPluginsPage","status":"passed","stage":"finished","steps":[{"name":"getBtn_serverAdmin","status":"passed","stage":"finished","steps":[],"attachments":[],"parameters":[],"start":1638204071690,"stop":1638204071690},{"name":"getBtn_plugins","status":"passed","stage":"finished","steps":[],"attachments":[],"parameters":[],"start":1638204071953,"stop":1638204071953},{"name":"Click on an element ","status":"passed","stage":"finished","steps":[],"attachments":[],"parameters":[{"name":"element","value":"[[ChromeDriver: chrome on WINDOWS (ce5d71c480d30aeb8618bd019043bce4)] -> xpath: //*[@id='reactRoot']/div/nav/div[2]/div[7]/ul/li[5]/a]"}],"start":1638204071970,"stop":1638204072053}],"attachments":[],"parameters":[],"start":1638204071683,"stop":1638204072053},{"name":"getPluginsNumber","status":"passed","stage":"finished","steps":[{"name":"getBtn_viewAllPlugins","status":"passed","stage":"finished","steps":[],"attachments":[],"parameters":[],"start":1638204072053,"stop":1638204072053},{"name":"Click on an element ","status":"passed","stage":"finished","steps":[],"attachments":[],"parameters":[{"name":"element","value":"[[ChromeDriver: chrome on WINDOWS (ce5d71c480d30aeb8618bd019043bce4)] -> xpath: //*[@id='reactRoot']/div/main/div[3]/div/div[1]/div/div[2]/div/div/div[1]/div[2]/div[2]/div/label[1]]"}],"start":1638204072151,"stop":1638204072242},{"name":"getBtn_allPlugins","status":"passed","stage":"finished","steps":[],"attachments":[],"parameters":[],"start":1638204072242,"stop":1638204072242},{"name":"Get elements list size ","status":"passed","stage":"finished","steps":[],"attachments":[],"parameters":[{"name":"elementsList","value":"[[[ChromeDriver: chrome on WINDOWS (ce5d71c480d30aeb8618bd019043bce4)] -> xpath: //*[@id=\"reactRoot\"]/div/main/div[3]/div/div[1]/div/div[2]/div/div/div[2]/div/div]]"}],"start":1638204072285,"stop":1638204072295}],"attachments":[],"parameters":[],"start":1638204072053,"stop":1638204072295},{"name":"Assert if numbers are equals","status":"failed","statusDetails":{"known":false,"muted":false,"flaky":false,"message":"expected [10] but found [1]","trace":"java.lang.AssertionError: expected [10] but found [1]\r\n\tat org.testng.Assert.fail(Assert.java:99)\r\n\tat org.testng.Assert.failNotEquals(Assert.java:1037)\r\n\tat org.testng.Assert.assertEqualsImpl(Assert.java:140)\r\n\tat org.testng.Assert.assertEquals(Assert.java:122)\r\n\tat org.testng.Assert.assertEquals(Assert.java:907)\r\n\tat org.testng.Assert.assertEquals(Assert.java:917)\r\n\tat extentions.VerificationActions.assertEquals(VerificationActions.java:14)\r\n\tat webTests.checkNumberOfInstalledPlugins(webTests.java:33)\r\n\tat sun.reflect.NativeMethodAccessorImpl.invoke0(Native Method)\r\n\tat sun.reflect.NativeMethodAccessorImpl.invoke(NativeMethodAccessorImpl.java:62)\r\n\tat sun.reflect.DelegatingMethodAccessorImpl.invoke(DelegatingMethodAccessorImpl.java:43)\r\n\tat java.lang.reflect.Method.invoke(Method.java:498)\r\n\tat org.testng.internal.MethodInvocationHelper.invokeMethod(MethodInvocationHelper.java:133)\r\n\tat org.testng.internal.TestInvoker.invokeMethod(TestInvoker.java:598)\r\n\tat org.testng.internal.TestInvoker.invokeTestMethod(TestInvoker.java:173)\r\n\tat org.testng.internal.MethodRunner.runInSequence(MethodRunner.java:46)\r\n\tat org.testng.internal.TestInvoker$MethodInvocationAgent.invoke(TestInvoker.java:824)\r\n\tat org.testng.internal.TestInvoker.invokeTestMethods(TestInvoker.java:146)\r\n\tat org.testng.internal.TestMethodWorker.invokeTestMethods(TestMethodWorker.java:146)\r\n\tat org.testng.internal.TestMethodWorker.run(TestMethodWorker.java:128)\r\n\tat java.util.ArrayList.forEach(ArrayList.java:1257)\r\n\tat org.testng.TestRunner.privateRun(TestRunner.java:794)\r\n\tat org.testng.TestRunner.run(TestRunner.java:596)\r\n\tat org.testng.SuiteRunner.runTest(SuiteRunner.java:377)\r\n\tat org.testng.SuiteRunner.runSequentially(SuiteRunner.java:371)\r\n\tat org.testng.SuiteRunner.privateRun(SuiteRunner.java:332)\r\n\tat org.testng.SuiteRunner.run(SuiteRunner.java:276)\r\n\tat org.testng.SuiteRunnerWorker.runSuite(SuiteRunnerWorker.java:53)\r\n\tat org.testng.SuiteRunnerWorker.run(SuiteRunnerWorker.java:96)\r\n\tat org.testng.TestNG.runSuitesSequentially(TestNG.java:1212)\r\n\tat org.testng.TestNG.runSuitesLocally(TestNG.java:1134)\r\n\tat org.testng.TestNG.runSuites(TestNG.java:1063)\r\n\tat org.testng.TestNG.run(TestNG.java:1031)\r\n\tat com.intellij.rt.testng.IDEARemoteTestNG.run(IDEARemoteTestNG.java:66)\r\n\tat com.intellij.rt.testng.RemoteTestNGStarter.main(RemoteTestNGStarter.java:109)\r\n"},"stage":"finished","steps":[],"attachments":[],"parameters":[{"name":"number1","value":"1"},{"name":"number2","value":"10"}],"start":1638204072302,"stop":1638204072308}],"attachments":[],"parameters":[],"start":1638204071682,"stop":1638204072308}